[ERROR] 2016-02-25 10:36:25:059 com.lckj.security.user.service.UserService (ExceptionAspect.java:34) - 平台捕获到系统异常,进行日志输出定位
org.springframework.transaction.CannotCreateTransactionException: Could not open JDBC Connection for transaction; nested exception is com.mysql.jdbc.exceptions.jdbc4.CommunicationsException: Communications link failure

The last packet sent successfully to the server was 0 milliseconds ago. The driver has not received any packets from the server.
	at org.springframework.jdbc.datasource.DataSourceTransactionManager.doBegin(DataSourceTransactionManager.java:240) ~[spring-jdbc-3.1.2.RELEASE.jar:3.1.2.RELEASE]
	at org.springframework.transaction.support.AbstractPlatformTransactionManager.getTransaction(AbstractPlatformTransactionManager.java:371) ~[spring-tx-3.1.2.RELEASE.jar:3.1.2.RELEASE]
	at org.springframework.transaction.interceptor.TransactionAspectSupport.createTransactionIfNecessary(TransactionAspectSupport.java:336) ~[spring-tx-3.1.2.RELEASE.jar:3.1.2.RELEASE]
	at org.springframework.transaction.interceptor.TransactionInterceptor.invoke(TransactionInterceptor.java:105) ~[spring-tx-3.1.2.RELEASE.jar:3.1.2.RELEASE]
	at org.springframework.aop.framework.ReflectiveMethodInvocation.proceed(ReflectiveMethodInvocation.java:172) [spring-aop-3.1.2.RELEASE.jar:3.1.2.RELEASE]
	at org.springframework.aop.aspectj.MethodInvocationProceedingJoinPoint.proceed(MethodInvocationProceedingJoinPoint.java:80) ~[spring-aop-3.1.2.RELEASE.jar:3.1.2.RELEASE]
	at com.lckj.base.log.ExceptionAspect.doAround(ExceptionAspect.java:32) ~[classes/:na]
	at sun.reflect.GeneratedMethodAccessor56.invoke(Unknown Source) ~[na:na]
	at sun.reflect.DelegatingMethodAccessorImpl.invoke(DelegatingMethodAccessorImpl.java:43) ~[na:1.7.0_15]
	at java.lang.reflect.Method.invoke(Method.java:601) ~[na:1.7.0_15]
	at org.springframework.aop.aspectj.AbstractAspectJAdvice.invokeAdviceMethodWithGivenArgs(AbstractAspectJAdvice.java:621) [spring-aop-3.1.2.RELEASE.jar:3.1.2.RELEASE]
	at org.springframework.aop.aspectj.AbstractAspectJAdvice.invokeAdviceMethod(AbstractAspectJAdvice.java:610) [spring-aop-3.1.2.RELEASE.jar:3.1.2.RELEASE]
	at org.springframework.aop.aspectj.AspectJAroundAdvice.invoke(AspectJAroundAdvice.java:65) [spring-aop-3.1.2.RELEASE.jar:3.1.2.RELEASE]
	at org.springframework.aop.framework.ReflectiveMethodInvocation.proceed(ReflectiveMethodInvocation.java:172) [spring-aop-3.1.2.RELEASE.jar:3.1.2.RELEASE]
	at org.springframework.aop.aspectj.AspectJAfterThrowingAdvice.invoke(AspectJAfterThrowingAdvice.java:55) [spring-aop-3.1.2.RELEASE.jar:3.1.2.RELEASE]
	at org.springframework.aop.framework.ReflectiveMethodInvocation.proceed(ReflectiveMethodInvocation.java:172) [spring-aop-3.1.2.RELEASE.jar:3.1.2.RELEASE]
	at org.springframework.aop.interceptor.ExposeInvocationInterceptor.invoke(ExposeInvocationInterceptor.java:90) [spring-aop-3.1.2.RELEASE.jar:3.1.2.RELEASE]
	at org.springframework.aop.framework.ReflectiveMethodInvocation.proceed(ReflectiveMethodInvocation.java:172) [spring-aop-3.1.2.RELEASE.jar:3.1.2.RELEASE]
	at org.springframework.aop.framework.Cglib2AopProxy$DynamicAdvisedInterceptor.intercept(Cglib2AopProxy.java:622) [spring-aop-3.1.2.RELEASE.jar:3.1.2.RELEASE]
	at com.lckj.security.user.service.UserService$$EnhancerByCGLIB$$1c010ce7.hasPermission(<generated>) [cglib-nodep-2.2.2.jar:na]
	at com.lckj.base.tag.OperationTag.condition(OperationTag.java:42) [classes/:na]
	at javax.servlet.jsp.jstl.core.ConditionalTagSupport.doStartTag(ConditionalTagSupport.java:84) [jstl-1.1.2.jar:1.1.2]
	at org.apache.jsp.property.owner.complaintApplyList_jsp._jspx_meth_ct_005foperation_005f0(complaintApplyList_jsp.java:502) [_/:na]
	at org.apache.jsp.property.owner.complaintApplyList_jsp._jspService(complaintApplyList_jsp.java:192) [_/:na]
	at org.apache.jasper.runtime.HttpJspBase.service(HttpJspBase.java:70) [tomcat-jasper-7.0.47.jar:7.0.47]
	at javax.servlet.http.HttpServlet.service(HttpServlet.java:728) [tomcat-embed-core-7.0.47.jar:7.0.47]
	at org.apache.jasper.servlet.JspServletWrapper.service(JspServletWrapper.java:432) [tomcat-jasper-7.0.47.jar:7.0.47]
	at org.apache.jasper.servlet.JspServlet.serviceJspFile(JspServlet.java:390) [tomcat-jasper-7.0.47.jar:7.0.47]
	at org.apache.jasper.servlet.JspServlet.service(JspServlet.java:334) [tomcat-jasper-7.0.47.jar:7.0.47]
	at javax.servlet.http.HttpServlet.service(HttpServlet.java:728) [tomcat-embed-core-7.0.47.jar:7.0.47]
	at org.apache.catalina.core.ApplicationFilterChain.internalDoFilter(ApplicationFilterChain.java:305) [tomcat-embed-core-7.0.47.jar:7.0.47]
	at org.apache.catalina.core.ApplicationFilterChain.doFilter(ApplicationFilterChain.java:210) [tomcat-embed-core-7.0.47.jar:7.0.47]
	at org.apache.tomcat.websocket.server.WsFilter.doFilter(WsFilter.java:51) [tomcat-embed-core-7.0.47.jar:7.0.47]
	at org.apache.catalina.core.ApplicationFilterChain.internalDoFilter(ApplicationFilterChain.java:243) [tomcat-embed-core-7.0.47.jar:7.0.47]
	at org.apache.catalina.core.ApplicationFilterChain.doFilter(ApplicationFilterChain.java:210) [tomcat-embed-core-7.0.47.jar:7.0.47]
	at org.apache.shiro.web.servlet.ProxiedFilterChain.doFilter(ProxiedFilterChain.java:61) [shiro-web-1.2.3.jar:1.2.3]
	at org.apache.shiro.web.servlet.AdviceFilter.executeChain(AdviceFilter.java:108) [shiro-web-1.2.3.jar:1.2.3]
	at org.apache.shiro.web.servlet.AdviceFilter.doFilterInternal(AdviceFilter.java:137) [shiro-web-1.2.3.jar:1.2.3]
	at org.apache.shiro.web.servlet.OncePerRequestFilter.doFilter(OncePerRequestFilter.java:125) [shiro-web-1.2.3.jar:1.2.3]
	at org.apache.shiro.web.servlet.ProxiedFilterChain.doFilter(ProxiedFilterChain.java:66) [shiro-web-1.2.3.jar:1.2.3]
	at org.apache.shiro.web.servlet.AbstractShiroFilter.executeChain(AbstractShiroFilter.java:449) [shiro-web-1.2.3.jar:1.2.3]
	at org.apache.shiro.web.servlet.AbstractShiroFilter$1.call(AbstractShiroFilter.java:365) [shiro-web-1.2.3.jar:1.2.3]
	at org.apache.shiro.subject.support.SubjectCallable.doCall(SubjectCallable.java:90) [shiro-core-1.2.3.jar:1.2.3]
	at org.apache.shiro.subject.support.SubjectCallable.call(SubjectCallable.java:83) [shiro-core-1.2.3.jar:1.2.3]
	at org.apache.shiro.subject.support.DelegatingSubject.execute(DelegatingSubject.java:383) [shiro-core-1.2.3.jar:1.2.3]
	at org.apache.shiro.web.servlet.AbstractShiroFilter.doFilterInternal(AbstractShiroFilter.java:362) [shiro-web-1.2.3.jar:1.2.3]
	at org.apache.shiro.web.servlet.OncePerRequestFilter.doFilter(OncePerRequestFilter.java:125) [shiro-web-1.2.3.jar:1.2.3]
	at org.springframework.web.filter.DelegatingFilterProxy.invokeDelegate(DelegatingFilterProxy.java:346) [spring-web-3.1.2.RELEASE.jar:3.1.2.RELEASE]
	at org.springframework.web.filter.DelegatingFilterProxy.doFilter(DelegatingFilterProxy.java:259) [spring-web-3.1.2.RELEASE.jar:3.1.2.RELEASE]
	at org.apache.catalina.core.ApplicationFilterChain.internalDoFilter(ApplicationFilterChain.java:243) [tomcat-embed-core-7.0.47.jar:7.0.47]
	at org.apache.catalina.core.ApplicationFilterChain.doFilter(ApplicationFilterChain.java:210) [tomcat-embed-core-7.0.47.jar:7.0.47]
	at org.springframework.web.filter.CharacterEncodingFilter.doFilterInternal(CharacterEncodingFilter.java:88) [spring-web-3.1.2.RELEASE.jar:3.1.2.RELEASE]
	at org.springframework.web.filter.OncePerRequestFilter.doFilter(OncePerRequestFilter.java:76) [spring-web-3.1.2.RELEASE.jar:3.1.2.RELEASE]
	at org.apache.catalina.core.ApplicationFilterChain.internalDoFilter(ApplicationFilterChain.java:243) [tomcat-embed-core-7.0.47.jar:7.0.47]
	at org.apache.catalina.core.ApplicationFilterChain.doFilter(ApplicationFilterChain.java:210) [tomcat-embed-core-7.0.47.jar:7.0.47]
	at org.apache.catalina.core.StandardWrapperValve.invoke(StandardWrapperValve.java:222) [tomcat-embed-core-7.0.47.jar:7.0.47]
	at org.apache.catalina.core.StandardContextValve.invoke(StandardContextValve.java:123) [tomcat-embed-core-7.0.47.jar:7.0.47]
	at org.apache.catalina.authenticator.AuthenticatorBase.invoke(AuthenticatorBase.java:502) [tomcat-embed-core-7.0.47.jar:7.0.47]
	at org.apache.catalina.core.StandardHostValve.invoke(StandardHostValve.java:171) [tomcat-embed-core-7.0.47.jar:7.0.47]
	at org.apache.catalina.valves.ErrorReportValve.invoke(ErrorReportValve.java:100) [tomcat-embed-core-7.0.47.jar:7.0.47]
	at org.apache.catalina.valves.AccessLogValve.invoke(AccessLogValve.java:953) [tomcat-embed-core-7.0.47.jar:7.0.47]
	at org.apache.catalina.core.StandardEngineValve.invoke(StandardEngineValve.java:118) [tomcat-embed-core-7.0.47.jar:7.0.47]
	at org.apache.catalina.connector.CoyoteAdapter.service(CoyoteAdapter.java:408) [tomcat-embed-core-7.0.47.jar:7.0.47]
	at org.apache.coyote.http11.AbstractHttp11Processor.process(AbstractHttp11Processor.java:1041) [tomcat-embed-core-7.0.47.jar:7.0.47]
	at org.apache.coyote.AbstractProtocol$AbstractConnectionHandler.process(AbstractProtocol.java:603) [tomcat-embed-core-7.0.47.jar:7.0.47]
	at org.apache.tomcat.util.net.JIoEndpoint$SocketProcessor.run(JIoEndpoint.java:310) [tomcat-embed-core-7.0.47.jar:7.0.47]
	at java.util.concurrent.ThreadPoolExecutor.runWorker(ThreadPoolExecutor.java:1145) [na:1.7.0_15]
	at java.util.concurrent.ThreadPoolExecutor$Worker.run(ThreadPoolExecutor.java:615) [na:1.7.0_15]
	at java.lang.Thread.run(Thread.java:722) [na:1.7.0_15]
Caused by: com.mysql.jdbc.exceptions.jdbc4.CommunicationsException: Communications link failure

The last packet sent successfully to the server was 0 milliseconds ago. The driver has not received any packets from the server.
	at sun.reflect.NativeConstructorAccessorImpl.newInstance0(Native Method) ~[na:1.7.0_15]
	at sun.reflect.NativeConstructorAccessorImpl.newInstance(NativeConstructorAccessorImpl.java:57) ~[na:1.7.0_15]
	at sun.reflect.DelegatingConstructorAccessorImpl.newInstance(DelegatingConstructorAccessorImpl.java:45) ~[na:1.7.0_15]
	at java.lang.reflect.Constructor.newInstance(Constructor.java:525) ~[na:1.7.0_15]
	at com.mysql.jdbc.Util.handleNewInstance(Util.java:411) ~[mysql-connector-java-5.1.23.jar:na]
	at com.mysql.jdbc.SQLError.createCommunicationsException(SQLError.java:1117) ~[mysql-connector-java-5.1.23.jar:na]
	at com.mysql.jdbc.MysqlIO.<init>(MysqlIO.java:355) ~[mysql-connector-java-5.1.23.jar:na]
	at com.mysql.jdbc.ConnectionImpl.coreConnect(ConnectionImpl.java:2461) ~[mysql-connector-java-5.1.23.jar:na]
	at com.mysql.jdbc.ConnectionImpl.connectOneTryOnly(ConnectionImpl.java:2498) ~[mysql-connector-java-5.1.23.jar:na]
	at com.mysql.jdbc.ConnectionImpl.createNewIO(ConnectionImpl.java:2283) ~[mysql-connector-java-5.1.23.jar:na]
	at com.mysql.jdbc.ConnectionImpl.<init>(ConnectionImpl.java:822) ~[mysql-connector-java-5.1.23.jar:na]
	at com.mysql.jdbc.JDBC4Connection.<init>(JDBC4Connection.java:47) ~[mysql-connector-java-5.1.23.jar:na]
	at sun.reflect.GeneratedConstructorAccessor44.newInstance(Unknown Source) ~[na:na]
	at sun.reflect.DelegatingConstructorAccessorImpl.newInstance(DelegatingConstructorAccessorImpl.java:45) ~[na:1.7.0_15]
	at java.lang.reflect.Constructor.newInstance(Constructor.java:525) ~[na:1.7.0_15]
	at com.mysql.jdbc.Util.handleNewInstance(Util.java:411) ~[mysql-connector-java-5.1.23.jar:na]
	at com.mysql.jdbc.ConnectionImpl.getInstance(ConnectionImpl.java:404) ~[mysql-connector-java-5.1.23.jar:na]
	at com.mysql.jdbc.NonRegisteringDriver.connect(NonRegisteringDriver.java:317) ~[mysql-connector-java-5.1.23.jar:na]
	at java.sql.DriverManager.getConnection(DriverManager.java:579) ~[na:1.7.0_15]
	at java.sql.DriverManager.getConnection(DriverManager.java:190) ~[na:1.7.0_15]
	at org.springframework.jdbc.datasource.DriverManagerDataSource.getConnectionFromDriverManager(DriverManagerDataSource.java:173) ~[spring-jdbc-3.1.2.RELEASE.jar:3.1.2.RELEASE]
	at org.springframework.jdbc.datasource.DriverManagerDataSource.getConnectionFromDriver(DriverManagerDataSource.java:164) ~[spring-jdbc-3.1.2.RELEASE.jar:3.1.2.RELEASE]
	at org.springframework.jdbc.datasource.AbstractDriverBasedDataSource.getConnectionFromDriver(AbstractDriverBasedDataSource.java:149) ~[spring-jdbc-3.1.2.RELEASE.jar:3.1.2.RELEASE]
	at org.springframework.jdbc.datasource.AbstractDriverBasedDataSource.getConnection(AbstractDriverBasedDataSource.java:119) ~[spring-jdbc-3.1.2.RELEASE.jar:3.1.2.RELEASE]
	at org.springframework.jdbc.datasource.DataSourceTransactionManager.doBegin(DataSourceTransactionManager.java:202) ~[spring-jdbc-3.1.2.RELEASE.jar:3.1.2.RELEASE]
	... 68 common frames omitted
Caused by: java.net.ConnectException: Connection timed out: connect
	at java.net.DualStackPlainSocketImpl.connect0(Native Method) ~[na:1.7.0_15]
	at java.net.DualStackPlainSocketImpl.socketConnect(DualStackPlainSocketImpl.java:69) ~[na:1.7.0_15]
	at java.net.AbstractPlainSocketImpl.doConnect(AbstractPlainSocketImpl.java:339) ~[na:1.7.0_15]
	at java.net.AbstractPlainSocketImpl.connectToAddress(AbstractPlainSocketImpl.java:200) ~[na:1.7.0_15]
	at java.net.AbstractPlainSocketImpl.connect(AbstractPlainSocketImpl.java:182) ~[na:1.7.0_15]
	at java.net.PlainSocketImpl.connect(PlainSocketImpl.java:157) ~[na:1.7.0_15]
	at java.net.SocksSocketImpl.connect(SocksSocketImpl.java:391) ~[na:1.7.0_15]
	at java.net.Socket.connect(Socket.java:579) ~[na:1.7.0_15]
	at java.net.Socket.connect(Socket.java:528) ~[na:1.7.0_15]
	at java.net.Socket.<init>(Socket.java:425) ~[na:1.7.0_15]
	at java.net.Socket.<init>(Socket.java:241) ~[na:1.7.0_15]
	at com.mysql.jdbc.StandardSocketFactory.connect(StandardSocketFactory.java:259) ~[mysql-connector-java-5.1.23.jar:na]
	at com.mysql.jdbc.MysqlIO.<init>(MysqlIO.java:305) ~[mysql-connector-java-5.1.23.jar:na]
	... 86 common frames omitted
